<?xml version="1.0" encoding="UTF-8"?>
<!-- Generated by org.testng.reporters.JUnitXMLReporter -->
<testsuite hostname="DESKTOP-LB2MBC3" ignored="0" name="Default test" tests="70" failures="0" timestamp="20 Jan 2021 09:05:38 GMT" time="0.392" errors="0">
  <testcase name="@BeforeTest beforeTest" time="0.0" classname="com.nopcommerce.common.Common_01_Register">
    <failure type="org.testng.TestNGException" message="
Parameter &amp;apos;browser&amp;apos; is required by BeforeTest on method beforeTest but has not been marked @Optional or defined
in C:\Users\DELL\AppData\Local\Temp\testng-eclipse--237720982\testng-customsuite.xml">
      <![CDATA[org.testng.TestNGException: 
Parameter 'browser' is required by BeforeTest on method beforeTest but has not been marked @Optional or defined
in C:\Users\DELL\AppData\Local\Temp\testng-eclipse--237720982\testng-customsuite.xml
at org.testng.internal.Parameters.createParams(Parameters.java:290)
at org.testng.internal.Parameters.createParametersForMethod(Parameters.java:359)
at org.testng.internal.Parameters.createParameters(Parameters.java:620)
at org.testng.internal.Parameters.createConfigurationParameters(Parameters.java:190)
at org.testng.internal.Invoker.invokeConfigurations(Invoker.java:209)
at org.testng.internal.Invoker.invokeConfigurations(Invoker.java:142)
at org.testng.TestRunner.beforeRun(TestRunner.java:529)
at org.testng.TestRunner.run(TestRunner.java:497)
at org.testng.SuiteRunner.runTest(SuiteRunner.java:455)
at org.testng.SuiteRunner.runSequentially(SuiteRunner.java:450)
at org.testng.SuiteRunner.privateRun(SuiteRunner.java:415)
at org.testng.SuiteRunner.run(SuiteRunner.java:364)
at org.testng.SuiteRunnerWorker.runSuite(SuiteRunnerWorker.java:52)
at org.testng.SuiteRunnerWorker.run(SuiteRunnerWorker.java:84)
at org.testng.TestNG.runSuitesSequentially(TestNG.java:1208)
at org.testng.TestNG.runSuitesLocally(TestNG.java:1137)
at org.testng.TestNG.runSuites(TestNG.java:1049)
at org.testng.TestNG.run(TestNG.java:1017)
at org.testng.remote.AbstractRemoteTestNG.run(AbstractRemoteTestNG.java:115)
at org.testng.remote.RemoteTestNG.initAndRun(RemoteTestNG.java:251)
at org.testng.remote.RemoteTestNG.main(RemoteTestNG.java:77)
]]>
    </failure>
  </testcase> <!-- @BeforeTest beforeTest -->
  <testcase name="@BeforeTest beforeTest" time="0.0" classname="com.nopcommerce.common.Common_02_Cookie">
    <skipped/>
  </testcase> <!-- @BeforeTest beforeTest -->
  <testcase name="@BeforeClass beforeClass" time="0.0" classname="com.liveguru.user.Level_18_Live_Coding_Liveguru">
    <skipped/>
  </testcase> <!-- @BeforeClass beforeClass -->
  <testcase name="@AfterClass afterClass" time="0.0" classname="com.liveguru.user.Level_18_Live_Coding_Liveguru">
    <skipped/>
  </testcase> <!-- @AfterClass afterClass -->
  <testcase name="@BeforeClass beforeClass" time="0.0" classname="com.nopcommerce.users.Level_03_Register_Login_Page_Object">
    <skipped/>
  </testcase> <!-- @BeforeClass beforeClass -->
  <testcase name="@AfterClass afterClass" time="0.0" classname="com.nopcommerce.users.Level_03_Register_Login_Page_Object">
    <skipped/>
  </testcase> <!-- @AfterClass afterClass -->
  <testcase name="@BeforeClass beforeClass" time="0.0" classname="com.nopcommerce.users.Level_14_Register_Login_Allure_Report">
    <skipped/>
  </testcase> <!-- @BeforeClass beforeClass -->
  <testcase name="@AfterClass afterClass" time="0.0" classname="com.nopcommerce.users.Level_14_Register_Login_Allure_Report">
    <skipped/>
  </testcase> <!-- @AfterClass afterClass -->
  <testcase name="@BeforeClass beforeClass" time="0.0" classname="com.nopcommerce.users.Level_01_Register_Login">
    <skipped/>
  </testcase> <!-- @BeforeClass beforeClass -->
  <testcase name="@AfterClass afterClass" time="0.0" classname="com.nopcommerce.users.Level_01_Register_Login">
    <skipped/>
  </testcase> <!-- @AfterClass afterClass -->
  <testcase name="@BeforeClass beforeClass" time="0.0" classname="com.nopcommerce.users.Level_07_Register_Login_Swith_Page_Type">
    <skipped/>
  </testcase> <!-- @BeforeClass beforeClass -->
  <testcase name="@AfterClass afterClass" time="0.0" classname="com.nopcommerce.users.Level_07_Register_Login_Swith_Page_Type">
    <skipped/>
  </testcase> <!-- @AfterClass afterClass -->
  <testcase name="@BeforeClass beforeClass" time="0.0" classname="com.nopcommerce.admin.Level_10_Upload_File">
    <skipped/>
  </testcase> <!-- @BeforeClass beforeClass -->
  <testcase name="@AfterClass afterClass" time="0.0" classname="com.nopcommerce.admin.Level_10_Upload_File">
    <skipped/>
  </testcase> <!-- @AfterClass afterClass -->
  <testcase name="@BeforeClass beforeClass" time="0.0" classname="com.nopcommerce.users.Level_15_Register_Login_Share_State_Part1_Search">
    <skipped/>
  </testcase> <!-- @BeforeClass beforeClass -->
  <testcase name="@AfterClass afterClass" time="0.0" classname="com.nopcommerce.users.Level_15_Register_Login_Share_State_Part1_Search">
    <skipped/>
  </testcase> <!-- @AfterClass afterClass -->
  <testcase name="@BeforeClass beforeClass" time="0.0" classname="com.nopcommerce.admin.Level_09_Web_Data_Table">
    <skipped/>
  </testcase> <!-- @BeforeClass beforeClass -->
  <testcase name="@AfterClass afterClass" time="0.0" classname="com.nopcommerce.admin.Level_09_Web_Data_Table">
    <skipped/>
  </testcase> <!-- @AfterClass afterClass -->
  <testcase name="@BeforeClass beforeClass" time="0.0" classname="com.saucelab.Level_20_Sort_ASC_DESC">
    <skipped/>
  </testcase> <!-- @BeforeClass beforeClass -->
  <testcase name="@AfterClass afterClass" time="0.0" classname="com.saucelab.Level_20_Sort_ASC_DESC">
    <skipped/>
  </testcase> <!-- @AfterClass afterClass -->
  <testcase name="@BeforeClass beforeClass" time="0.0" classname="com.nopcommerce.users.Level_06_Register_Login_Page_Generator_Manager">
    <skipped/>
  </testcase> <!-- @BeforeClass beforeClass -->
  <testcase name="@AfterClass afterClass" time="0.0" classname="com.nopcommerce.users.Level_06_Register_Login_Page_Generator_Manager">
    <skipped/>
  </testcase> <!-- @AfterClass afterClass -->
  <testcase name="@BeforeClass beforeClass" time="0.0" classname="com.nopcommerce.users.Level_16_Register_Login_Close_Browser">
    <skipped/>
  </testcase> <!-- @BeforeClass beforeClass -->
  <testcase name="@BeforeClass beforeClass" time="0.0" classname="com.nopcommerce.users.Level_04_Register_Login_Multiple_Browser">
    <skipped/>
  </testcase> <!-- @BeforeClass beforeClass -->
  <testcase name="@AfterClass afterClass" time="0.0" classname="com.nopcommerce.users.Level_04_Register_Login_Multiple_Browser">
    <skipped/>
  </testcase> <!-- @AfterClass afterClass -->
  <testcase name="@BeforeClass beforeClass" time="0.0" classname="com.nopcommerce.users.Level_08_Register_Login_Dynamic_Locator_Rest_Parameter">
    <skipped/>
  </testcase> <!-- @BeforeClass beforeClass -->
  <testcase name="@AfterClass afterClass" time="0.0" classname="com.nopcommerce.users.Level_08_Register_Login_Dynamic_Locator_Rest_Parameter">
    <skipped/>
  </testcase> <!-- @AfterClass afterClass -->
  <testcase name="@BeforeClass beforeClass" time="0.0" classname="com.nopcommerce.users.Level_15_Register_Login_Share_State_Part2_Sort">
    <skipped/>
  </testcase> <!-- @BeforeClass beforeClass -->
  <testcase name="@AfterClass afterClass" time="0.0" classname="com.nopcommerce.users.Level_15_Register_Login_Share_State_Part2_Sort">
    <skipped/>
  </testcase> <!-- @AfterClass afterClass -->
  <testcase name="@BeforeClass beforeClass" time="0.0" classname="com.nopcommerce.users.Level_13_Register_Login_Log_Report_HTML">
    <skipped/>
  </testcase> <!-- @BeforeClass beforeClass -->
  <testcase name="@AfterClass afterClass" time="0.0" classname="com.nopcommerce.users.Level_13_Register_Login_Log_Report_HTML">
    <skipped/>
  </testcase> <!-- @AfterClass afterClass -->
  <testcase name="@BeforeClass beforeClass" time="0.0" classname="com.nopcommerce.users.Level_11_Register_Login_Element_Undisplayed">
    <skipped/>
  </testcase> <!-- @BeforeClass beforeClass -->
  <testcase name="@AfterClass afterClass" time="0.0" classname="com.nopcommerce.users.Level_11_Register_Login_Element_Undisplayed">
    <skipped/>
  </testcase> <!-- @AfterClass afterClass -->
  <testcase name="@BeforeClass beforeClass" time="0.0" classname="com.nopcommerce.users.Level_02_Register_Login_Abstract_Page_2extends">
    <skipped/>
  </testcase> <!-- @BeforeClass beforeClass -->
  <testcase name="@AfterClass afterClass" time="0.0" classname="com.nopcommerce.users.Level_02_Register_Login_Abstract_Page_2extends">
    <skipped/>
  </testcase> <!-- @AfterClass afterClass -->
  <testcase name="@BeforeClass beforeClass" time="0.0" classname="com.nopcommerce.users.Level_17_Register_Login_Pattern_Object">
    <skipped/>
  </testcase> <!-- @BeforeClass beforeClass -->
  <testcase name="@BeforeClass beforeClass" time="0.0" classname="com.nopcommerce.users.Level_12_Register_Login_Assert_Verify">
    <skipped/>
  </testcase> <!-- @BeforeClass beforeClass -->
  <testcase name="@AfterClass afterClass" time="0.0" classname="com.nopcommerce.users.Level_12_Register_Login_Assert_Verify">
    <skipped/>
  </testcase> <!-- @AfterClass afterClass -->
  <testcase name="@BeforeClass beforeClass" time="0.0" classname="com.nopcommerce.users.Level_02_Register_Login_Abstract_Page_01">
    <skipped/>
  </testcase> <!-- @BeforeClass beforeClass -->
  <testcase name="@AfterClass afterClass" time="0.0" classname="com.nopcommerce.users.Level_02_Register_Login_Abstract_Page_01">
    <skipped/>
  </testcase> <!-- @AfterClass afterClass -->
  <testcase name="@BeforeClass beforeClass" time="0.0" classname="com.nopcommerce.users.Level_05_Register_Login_Page_Factory">
    <skipped/>
  </testcase> <!-- @BeforeClass beforeClass -->
  <testcase name="@AfterClass afterClass" time="0.0" classname="com.nopcommerce.users.Level_05_Register_Login_Page_Factory">
    <skipped/>
  </testcase> <!-- @AfterClass afterClass -->
  <testcase name="TC_02_Login_To_System" time="0.0" classname="com.liveguru.user.Level_18_Live_Coding_Liveguru">
    <skipped/>
  </testcase> <!-- TC_02_Login_To_System -->
  <testcase name="TC_03_Account_Information" time="0.0" classname="com.liveguru.user.Level_18_Live_Coding_Liveguru">
    <skipped/>
  </testcase> <!-- TC_03_Account_Information -->
  <testcase name="TC_04_Product_Price" time="0.0" classname="com.liveguru.user.Level_18_Live_Coding_Liveguru">
    <skipped/>
  </testcase> <!-- TC_04_Product_Price -->
  <testcase name="TC_07_Compare_Product" time="0.0" classname="com.liveguru.user.Level_18_Live_Coding_Liveguru">
    <skipped/>
  </testcase> <!-- TC_07_Compare_Product -->
  <testcase name="TC_08_Share_Wishlist" time="0.0" classname="com.liveguru.user.Level_18_Live_Coding_Liveguru">
    <skipped/>
  </testcase> <!-- TC_08_Share_Wishlist -->
  <testcase name="TC_09_Add_Review" time="0.0" classname="com.liveguru.user.Level_18_Live_Coding_Liveguru">
    <skipped/>
  </testcase> <!-- TC_09_Add_Review -->
  <testcase name="TC_11_Search_Product" time="0.0" classname="com.liveguru.user.Level_18_Live_Coding_Liveguru">
    <skipped/>
  </testcase> <!-- TC_11_Search_Product -->
  <testcase name="TC_01_Register" time="0.0" classname="com.nopcommerce.users.Level_03_Register_Login_Page_Object">
    <skipped/>
  </testcase> <!-- TC_01_Register -->
  <testcase name="TC_02_Login" time="0.0" classname="com.nopcommerce.users.Level_03_Register_Login_Page_Object">
    <skipped/>
  </testcase> <!-- TC_02_Login -->
  <testcase name="TC_03_View_My_Account" time="0.0" classname="com.nopcommerce.users.Level_03_Register_Login_Page_Object">
    <skipped/>
  </testcase> <!-- TC_03_View_My_Account -->
  <testcase name="TC_01_Register" time="0.0" classname="com.nopcommerce.users.Level_14_Register_Login_Allure_Report">
    <skipped/>
  </testcase> <!-- TC_01_Register -->
  <testcase name="TC_02_Login" time="0.0" classname="com.nopcommerce.users.Level_14_Register_Login_Allure_Report">
    <skipped/>
  </testcase> <!-- TC_02_Login -->
  <testcase name="TC_01_Register" time="0.0" classname="com.nopcommerce.users.Level_01_Register_Login">
    <skipped/>
  </testcase> <!-- TC_01_Register -->
  <testcase name="TC_02_Login" time="0.0" classname="com.nopcommerce.users.Level_01_Register_Login">
    <skipped/>
  </testcase> <!-- TC_02_Login -->
  <testcase name="TC_03_View_My_Account" time="0.0" classname="com.nopcommerce.users.Level_01_Register_Login">
    <skipped/>
  </testcase> <!-- TC_03_View_My_Account -->
  <testcase name="TC_01_Register" time="0.0" classname="com.nopcommerce.users.Level_07_Register_Login_Swith_Page_Type">
    <skipped/>
  </testcase> <!-- TC_01_Register -->
  <testcase name="TC_02_Login" time="0.0" classname="com.nopcommerce.users.Level_07_Register_Login_Swith_Page_Type">
    <skipped/>
  </testcase> <!-- TC_02_Login -->
  <testcase name="TC_03_View_My_Account" time="0.0" classname="com.nopcommerce.users.Level_07_Register_Login_Swith_Page_Type">
    <skipped/>
  </testcase> <!-- TC_03_View_My_Account -->
  <testcase name="TC_04_Switch_Page" time="0.0" classname="com.nopcommerce.users.Level_07_Register_Login_Swith_Page_Type">
    <skipped/>
  </testcase> <!-- TC_04_Switch_Page -->
  <testcase name="TC_01_UploadFile" time="0.0" classname="com.nopcommerce.admin.Level_10_Upload_File">
    <skipped/>
  </testcase> <!-- TC_01_UploadFile -->
  <testcase name="TC_01_Search_Product_With_Namer" time="0.0" classname="com.nopcommerce.users.Level_15_Register_Login_Share_State_Part1_Search">
    <skipped/>
  </testcase> <!-- TC_01_Search_Product_With_Namer -->
  <testcase name="TC_02_Search_Product_With_Category" time="0.0" classname="com.nopcommerce.users.Level_15_Register_Login_Share_State_Part1_Search">
    <skipped/>
  </testcase> <!-- TC_02_Search_Product_With_Category -->
  <testcase name="TC_03_Search_Product_With_Sub_Category" time="0.0" classname="com.nopcommerce.users.Level_15_Register_Login_Share_State_Part1_Search">
    <skipped/>
  </testcase> <!-- TC_03_Search_Product_With_Sub_Category -->
  <testcase name="TC_04_Search_Product_With_Price" time="0.0" classname="com.nopcommerce.users.Level_15_Register_Login_Share_State_Part1_Search">
    <skipped/>
  </testcase> <!-- TC_04_Search_Product_With_Price -->
  <testcase name="TC_05_Search_Product_With_Manufacturer" time="0.0" classname="com.nopcommerce.users.Level_15_Register_Login_Share_State_Part1_Search">
    <skipped/>
  </testcase> <!-- TC_05_Search_Product_With_Manufacturer -->
  <testcase name="TC_05_Position" time="0.0" classname="com.nopcommerce.admin.Level_09_Web_Data_Table">
    <skipped/>
  </testcase> <!-- TC_05_Position -->
  <testcase name="TC_01_Sort_Product_Name" time="0.0" classname="com.saucelab.Level_20_Sort_ASC_DESC">
    <skipped/>
  </testcase> <!-- TC_01_Sort_Product_Name -->
  <testcase name="TC_02_Sort_Product_Price" time="0.0" classname="com.saucelab.Level_20_Sort_ASC_DESC">
    <skipped/>
  </testcase> <!-- TC_02_Sort_Product_Price -->
  <testcase name="TC_03_Account_Information" time="0.0" classname="com.saucelab.Level_20_Sort_ASC_DESC">
    <skipped/>
  </testcase> <!-- TC_03_Account_Information -->
  <testcase name="TC_11_Search_Product" time="0.0" classname="com.saucelab.Level_20_Sort_ASC_DESC">
    <skipped/>
  </testcase> <!-- TC_11_Search_Product -->
  <testcase name="TC_01_Register" time="0.0" classname="com.nopcommerce.users.Level_06_Register_Login_Page_Generator_Manager">
    <skipped/>
  </testcase> <!-- TC_01_Register -->
  <testcase name="TC_02_Login" time="0.0" classname="com.nopcommerce.users.Level_06_Register_Login_Page_Generator_Manager">
    <skipped/>
  </testcase> <!-- TC_02_Login -->
  <testcase name="TC_03_View_My_Account" time="0.0" classname="com.nopcommerce.users.Level_06_Register_Login_Page_Generator_Manager">
    <skipped/>
  </testcase> <!-- TC_03_View_My_Account -->
  <testcase name="TC_01_Sort_Name_Ascendingr" time="0.0" classname="com.nopcommerce.users.Level_16_Register_Login_Close_Browser">
    <skipped/>
  </testcase> <!-- TC_01_Sort_Name_Ascendingr -->
  <testcase name="TC_02_Sort_Name_Descending" time="0.0" classname="com.nopcommerce.users.Level_16_Register_Login_Close_Browser">
    <skipped/>
  </testcase> <!-- TC_02_Sort_Name_Descending -->
  <testcase name="TC_03_Sort_Price_Ascending" time="0.0" classname="com.nopcommerce.users.Level_16_Register_Login_Close_Browser">
    <skipped/>
  </testcase> <!-- TC_03_Sort_Price_Ascending -->
  <testcase name="TC_04_Sort_Price_Descending" time="0.0" classname="com.nopcommerce.users.Level_16_Register_Login_Close_Browser">
    <skipped/>
  </testcase> <!-- TC_04_Sort_Price_Descending -->
  <testcase name="TC_01_Register" time="0.0" classname="com.nopcommerce.users.Level_04_Register_Login_Multiple_Browser">
    <skipped/>
  </testcase> <!-- TC_01_Register -->
  <testcase name="TC_02_Login" time="0.0" classname="com.nopcommerce.users.Level_04_Register_Login_Multiple_Browser">
    <skipped/>
  </testcase> <!-- TC_02_Login -->
  <testcase name="TC_03_View_My_Account" time="0.0" classname="com.nopcommerce.users.Level_04_Register_Login_Multiple_Browser">
    <skipped/>
  </testcase> <!-- TC_03_View_My_Account -->
  <testcase name="TC_01_Register" time="0.0" classname="com.nopcommerce.users.Level_08_Register_Login_Dynamic_Locator_Rest_Parameter">
    <skipped/>
  </testcase> <!-- TC_01_Register -->
  <testcase name="TC_02_Login" time="0.0" classname="com.nopcommerce.users.Level_08_Register_Login_Dynamic_Locator_Rest_Parameter">
    <skipped/>
  </testcase> <!-- TC_02_Login -->
  <testcase name="TC_03_View_My_Account" time="0.0" classname="com.nopcommerce.users.Level_08_Register_Login_Dynamic_Locator_Rest_Parameter">
    <skipped/>
  </testcase> <!-- TC_03_View_My_Account -->
  <testcase name="TC_04_Rest_Parameter_01" time="0.0" classname="com.nopcommerce.users.Level_08_Register_Login_Dynamic_Locator_Rest_Parameter">
    <skipped/>
  </testcase> <!-- TC_04_Rest_Parameter_01 -->
  <testcase name="TC_05_Rest_Parameter_02" time="0.0" classname="com.nopcommerce.users.Level_08_Register_Login_Dynamic_Locator_Rest_Parameter">
    <skipped/>
  </testcase> <!-- TC_05_Rest_Parameter_02 -->
  <testcase name="TC_01_Sort_Name_Ascendingr" time="0.0" classname="com.nopcommerce.users.Level_15_Register_Login_Share_State_Part2_Sort">
    <skipped/>
  </testcase> <!-- TC_01_Sort_Name_Ascendingr -->
  <testcase name="TC_02_Sort_Name_Descending" time="0.0" classname="com.nopcommerce.users.Level_15_Register_Login_Share_State_Part2_Sort">
    <skipped/>
  </testcase> <!-- TC_02_Sort_Name_Descending -->
  <testcase name="TC_03_Sort_Price_Ascending" time="0.0" classname="com.nopcommerce.users.Level_15_Register_Login_Share_State_Part2_Sort">
    <skipped/>
  </testcase> <!-- TC_03_Sort_Price_Ascending -->
  <testcase name="TC_04_Sort_Price_Descending" time="0.0" classname="com.nopcommerce.users.Level_15_Register_Login_Share_State_Part2_Sort">
    <skipped/>
  </testcase> <!-- TC_04_Sort_Price_Descending -->
  <testcase name="TC_01_Register" time="0.0" classname="com.nopcommerce.users.Level_13_Register_Login_Log_Report_HTML">
    <skipped/>
  </testcase> <!-- TC_01_Register -->
  <testcase name="TC_02_Login" time="0.0" classname="com.nopcommerce.users.Level_13_Register_Login_Log_Report_HTML">
    <skipped/>
  </testcase> <!-- TC_02_Login -->
  <testcase name="TC_01_Register" time="0.0" classname="com.nopcommerce.users.Level_11_Register_Login_Element_Undisplayed">
    <skipped/>
  </testcase> <!-- TC_01_Register -->
  <testcase name="TC_02_Login" time="0.0" classname="com.nopcommerce.users.Level_11_Register_Login_Element_Undisplayed">
    <skipped/>
  </testcase> <!-- TC_02_Login -->
  <testcase name="TC_03_View_My_Account" time="0.0" classname="com.nopcommerce.users.Level_11_Register_Login_Element_Undisplayed">
    <skipped/>
  </testcase> <!-- TC_03_View_My_Account -->
  <testcase name="TC_04_Rest_Parameter_01" time="0.0" classname="com.nopcommerce.users.Level_11_Register_Login_Element_Undisplayed">
    <skipped/>
  </testcase> <!-- TC_04_Rest_Parameter_01 -->
  <testcase name="TC_05_Rest_Parameter_02" time="0.0" classname="com.nopcommerce.users.Level_11_Register_Login_Element_Undisplayed">
    <skipped/>
  </testcase> <!-- TC_05_Rest_Parameter_02 -->
  <testcase name="TC_01_Register" time="0.0" classname="com.nopcommerce.users.Level_02_Register_Login_Abstract_Page_2extends">
    <skipped/>
  </testcase> <!-- TC_01_Register -->
  <testcase name="TC_02_Login" time="0.0" classname="com.nopcommerce.users.Level_02_Register_Login_Abstract_Page_2extends">
    <skipped/>
  </testcase> <!-- TC_02_Login -->
  <testcase name="TC_03_View_My_Account" time="0.0" classname="com.nopcommerce.users.Level_02_Register_Login_Abstract_Page_2extends">
    <skipped/>
  </testcase> <!-- TC_03_View_My_Account -->
  <testcase name="TC_01_Validate_At_Register_Form" time="0.0" classname="com.nopcommerce.users.Level_17_Register_Login_Pattern_Object">
    <skipped/>
  </testcase> <!-- TC_01_Validate_At_Register_Form -->
  <testcase name="TC_02_Register_Success" time="0.0" classname="com.nopcommerce.users.Level_17_Register_Login_Pattern_Object">
    <skipped/>
  </testcase> <!-- TC_02_Register_Success -->
  <testcase name="TC_03_Login" time="0.0" classname="com.nopcommerce.users.Level_17_Register_Login_Pattern_Object">
    <skipped/>
  </testcase> <!-- TC_03_Login -->
  <testcase name="TC_01_Register" time="0.0" classname="com.nopcommerce.users.Level_12_Register_Login_Assert_Verify">
    <skipped/>
  </testcase> <!-- TC_01_Register -->
  <testcase name="TC_02_Login" time="0.0" classname="com.nopcommerce.users.Level_12_Register_Login_Assert_Verify">
    <skipped/>
  </testcase> <!-- TC_02_Login -->
  <testcase name="TC_01_Register" time="0.0" classname="com.nopcommerce.users.Level_02_Register_Login_Abstract_Page_01">
    <skipped/>
  </testcase> <!-- TC_01_Register -->
  <testcase name="TC_02_Login" time="0.0" classname="com.nopcommerce.users.Level_02_Register_Login_Abstract_Page_01">
    <skipped/>
  </testcase> <!-- TC_02_Login -->
  <testcase name="TC_03_View_My_Account" time="0.0" classname="com.nopcommerce.users.Level_02_Register_Login_Abstract_Page_01">
    <skipped/>
  </testcase> <!-- TC_03_View_My_Account -->
  <testcase name="TC_01_Register" time="0.0" classname="com.nopcommerce.users.Level_05_Register_Login_Page_Factory">
    <skipped/>
  </testcase> <!-- TC_01_Register -->
  <testcase name="TC_02_Login" time="0.0" classname="com.nopcommerce.users.Level_05_Register_Login_Page_Factory">
    <skipped/>
  </testcase> <!-- TC_02_Login -->
  <testcase name="TC_03_View_My_Account" time="0.0" classname="com.nopcommerce.users.Level_05_Register_Login_Page_Factory">
    <skipped/>
  </testcase> <!-- TC_03_View_My_Account -->
</testsuite> <!-- Default test -->
